{"total": {"lines":{"total":356,"covered":223,"skipped":0,"pct":62.64},"statements":{"total":356,"covered":223,"skipped":0,"pct":62.64},"functions":{"total":16,"covered":4,"skipped":0,"pct":25},"branches":{"total":29,"covered":18,"skipped":0,"pct":62.06},"branchesTrue":{"total":0,"covered":0,"skipped":0,"pct":"Unknown"}}
,"C:\\Users\\carlo\\OneDrive\\Documentos\\FlyRank Intership\\flyrank-frontend-capstone\\src\\App.tsx": {"lines":{"total":235,"covered":191,"skipped":0,"pct":81.27},"functions":{"total":8,"covered":3,"skipped":0,"pct":37.5},"statements":{"total":235,"covered":191,"skipped":0,"pct":81.27},"branches":{"total":24,"covered":16,"skipped":0,"pct":66.66}}
,"C:\\Users\\carlo\\OneDrive\\Documentos\\FlyRank Intership\\flyrank-frontend-capstone\\src\\ShaderHero.tsx": {"lines":{"total":115,"covered":32,"skipped":0,"pct":27.82},"functions":{"total":7,"covered":1,"skipped":0,"pct":14.28},"statements":{"total":115,"covered":32,"skipped":0,"pct":27.82},"branches":{"total":4,"covered":2,"skipped":0,"pct":50}}
,"C:\\Users\\carlo\\OneDrive\\Documentos\\FlyRank Intership\\flyrank-frontend-capstone\\src\\vite.config.ts": {"lines":{"total":6,"covered":0,"skipped":0,"pct":0},"functions":{"total":1,"covered":0,"skipped":0,"pct":0},"statements":{"total":6,"covered":0,"skipped":0,"pct":0},"branches":{"total":1,"covered":0,"skipped":0,"pct":0}}
}
